<?xml version="1.0" encoding="UTF-8"?>
<testsuite xmlns:xsi="http://www.w3.org/2001/XMLSchema-instance" xsi:noNamespaceSchemaLocation="https://maven.apache.org/surefire/maven-surefire-plugin/xsd/surefire-test-report-3.0.xsd" version="3.0" name="io.metadew.iesi.connection.http.HttpConnectionServiceTest" time="0.102" tests="5" errors="0" skipped="0" failures="0">
  <properties>
    <property name="sun.desktop" value="windows"/>
    <property name="awt.toolkit" value="sun.awt.windows.WToolkit"/>
    <property name="file.encoding.pkg" value="sun.io"/>
    <property name="java.specification.version" value="1.8"/>
    <property name="sun.cpu.isalist" value="amd64"/>
    <property name="sun.jnu.encoding" value="Cp1252"/>
    <property name="java.class.path" value="C:\Users\francois.heliodore\Desktop\IESI2\iesi\core\java\iesi-core\target\test-classes;C:\Users\francois.heliodore\Desktop\IESI2\iesi\core\java\iesi-core\target\classes;C:\Users\francois.heliodore\.m2\repository\org\yaml\snakeyaml\1.25\snakeyaml-1.25.jar;C:\Users\francois.heliodore\.m2\repository\com\zaxxer\HikariCP\3.4.2\HikariCP-3.4.2.jar;C:\Users\francois.heliodore\.m2\repository\org\slf4j\slf4j-api\1.7.25\slf4j-api-1.7.25.jar;C:\Users\francois.heliodore\.m2\repository\org\projectlombok\lombok\1.18.10\lombok-1.18.10.jar;C:\Users\francois.heliodore\.m2\repository\org\apache\commons\commons-exec\1.3\commons-exec-1.3.jar;C:\Users\francois.heliodore\.m2\repository\com\fasterxml\jackson\core\jackson-databind\2.9.10.3\jackson-databind-2.9.10.3.jar;C:\Users\francois.heliodore\.m2\repository\com\fasterxml\jackson\core\jackson-annotations\2.9.10\jackson-annotations-2.9.10.jar;C:\Users\francois.heliodore\.m2\repository\org\reflections\reflections\0.9.11\reflections-0.9.11.jar;C:\Users\francois.heliodore\.m2\repository\com\google\guava\guava\20.0\guava-20.0.jar;C:\Users\francois.heliodore\.m2\repository\org\javassist\javassist\3.21.0-GA\javassist-3.21.0-GA.jar;C:\Users\francois.heliodore\.m2\repository\com\fasterxml\jackson\core\jackson-core\2.9.9\jackson-core-2.9.9.jar;C:\Users\francois.heliodore\.m2\repository\com\fasterxml\jackson\dataformat\jackson-dataformat-yaml\2.9.9\jackson-dataformat-yaml-2.9.9.jar;C:\Users\francois.heliodore\.m2\repository\org\apache\logging\log4j\log4j-api\2.12.0\log4j-api-2.12.0.jar;C:\Users\francois.heliodore\.m2\repository\org\apache\logging\log4j\log4j-core\2.12.0\log4j-core-2.12.0.jar;C:\Users\francois.heliodore\.m2\repository\org\apache\httpcomponents\httpclient\4.5.9\httpclient-4.5.9.jar;C:\Users\francois.heliodore\.m2\repository\org\apache\httpcomponents\httpcore\4.4.11\httpcore-4.4.11.jar;C:\Users\francois.heliodore\.m2\repository\commons-logging\commons-logging\1.2\commons-logging-1.2.jar;C:\Users\francois.heliodore\.m2\repository\commons-codec\commons-codec\1.11\commons-codec-1.11.jar;C:\Users\francois.heliodore\.m2\repository\commons-cli\commons-cli\1.4\commons-cli-1.4.jar;C:\Users\francois.heliodore\.m2\repository\commons-io\commons-io\2.6\commons-io-2.6.jar;C:\Users\francois.heliodore\.m2\repository\org\apache\commons\commons-lang3\3.9\commons-lang3-3.9.jar;C:\Users\francois.heliodore\.m2\repository\org\apache\commons\commons-compress\1.19\commons-compress-1.19.jar;C:\Users\francois.heliodore\.m2\repository\org\xerial\sqlite-jdbc\3.27.2.1\sqlite-jdbc-3.27.2.1.jar;C:\Users\francois.heliodore\.m2\repository\javassist\javassist\3.12.1.GA\javassist-3.12.1.GA.jar;C:\Users\francois.heliodore\.m2\repository\com\jcraft\jsch\0.1.55\jsch-0.1.55.jar;C:\Users\francois.heliodore\.m2\repository\com\h2database\h2\1.4.199\h2-1.4.199.jar;C:\Users\francois.heliodore\.m2\repository\org\apache\commons\commons-jexl\2.1.1\commons-jexl-2.1.1.jar;C:\Users\francois.heliodore\.m2\repository\org\apache\commons\commons-collections4\4.3\commons-collections4-4.3.jar;C:\Users\francois.heliodore\.m2\repository\org\junit\jupiter\junit-jupiter-engine\5.5.1\junit-jupiter-engine-5.5.1.jar;C:\Users\francois.heliodore\.m2\repository\org\apiguardian\apiguardian-api\1.1.0\apiguardian-api-1.1.0.jar;C:\Users\francois.heliodore\.m2\repository\org\junit\platform\junit-platform-engine\1.5.1\junit-platform-engine-1.5.1.jar;C:\Users\francois.heliodore\.m2\repository\org\opentest4j\opentest4j\1.2.0\opentest4j-1.2.0.jar;C:\Users\francois.heliodore\.m2\repository\org\junit\platform\junit-platform-commons\1.5.1\junit-platform-commons-1.5.1.jar;C:\Users\francois.heliodore\.m2\repository\org\junit\jupiter\junit-jupiter-api\5.5.1\junit-jupiter-api-5.5.1.jar;C:\Users\francois.heliodore\.m2\repository\nl\flotsam\xeger\1.0\xeger-1.0.jar;C:\Users\francois.heliodore\.m2\repository\com\mockrunner\mockrunner-jdbc\2.0.1\mockrunner-jdbc-2.0.1.jar;C:\Users\francois.heliodore\.m2\repository\com\mockrunner\mockrunner-core\2.0.1\mockrunner-core-2.0.1.jar;C:\Users\francois.heliodore\.m2\repository\jdom\jdom\1.0\jdom-1.0.jar;C:\Users\francois.heliodore\.m2\repository\oro\oro\2.0.8\oro-2.0.8.jar;C:\Users\francois.heliodore\.m2\repository\com\kirkk\jaranalyzer\1.2\jaranalyzer-1.2.jar;C:\Users\francois.heliodore\.m2\repository\bcel\bcel\5.1\bcel-5.1.jar;C:\Users\francois.heliodore\.m2\repository\regexp\regexp\1.2\regexp-1.2.jar;C:\Users\francois.heliodore\.m2\repository\jakarta-regexp\jakarta-regexp\1.4\jakarta-regexp-1.4.jar;C:\Users\francois.heliodore\.m2\repository\ant\ant\1.6.5\ant-1.6.5.jar;C:\Users\francois.heliodore\.m2\repository\nekohtml\nekohtml\0.9.5\nekohtml-0.9.5.jar;C:\Users\francois.heliodore\.m2\repository\artifactory-java-client\api\2.6.0\api-2.6.0.jar;C:\Users\francois.heliodore\.m2\repository\artifactory-java-client\httpClient\2.6.0\httpClient-2.6.0.jar;C:\Users\francois.heliodore\.m2\repository\artifactory-java-client\services\2.6.0\services-2.6.0.jar;C:\Users\francois.heliodore\.m2\repository\artifactory-java-client\ning-services\2.5.1\ning-services-2.5.1.jar;C:\Users\francois.heliodore\.m2\repository\org\json\json\20180813\json-20180813.jar;C:\Users\francois.heliodore\.m2\repository\org\mockito\mockito-junit-jupiter\3.2.4\mockito-junit-jupiter-3.2.4.jar;C:\Users\francois.heliodore\.m2\repository\org\mockito\mockito-core\3.2.4\mockito-core-3.2.4.jar;C:\Users\francois.heliodore\.m2\repository\net\bytebuddy\byte-buddy\1.10.5\byte-buddy-1.10.5.jar;C:\Users\francois.heliodore\.m2\repository\net\bytebuddy\byte-buddy-agent\1.10.5\byte-buddy-agent-1.10.5.jar;C:\Users\francois.heliodore\.m2\repository\org\objenesis\objenesis\2.6\objenesis-2.6.jar;C:\Users\francois.heliodore\.m2\repository\org\testinfected\hamcrest-matchers\core-matchers\1.8\core-matchers-1.8.jar;C:\Users\francois.heliodore\.m2\repository\org\hamcrest\hamcrest-core\2.1\hamcrest-core-2.1.jar;C:\Users\francois.heliodore\.m2\repository\org\hamcrest\hamcrest\2.1\hamcrest-2.1.jar;C:\Users\francois.heliodore\.m2\repository\org\powermock\powermock-module-junit4\2.0.6\powermock-module-junit4-2.0.6.jar;C:\Users\francois.heliodore\.m2\repository\org\powermock\powermock-module-junit4-common\2.0.6\powermock-module-junit4-common-2.0.6.jar;C:\Users\francois.heliodore\.m2\repository\org\powermock\powermock-reflect\2.0.6\powermock-reflect-2.0.6.jar;C:\Users\francois.heliodore\.m2\repository\org\powermock\powermock-core\2.0.6\powermock-core-2.0.6.jar;C:\Users\francois.heliodore\.m2\repository\junit\junit\4.12\junit-4.12.jar;C:\Users\francois.heliodore\.m2\repository\org\powermock\powermock-api-mockito2\2.0.6\powermock-api-mockito2-2.0.6.jar;C:\Users\francois.heliodore\.m2\repository\org\powermock\powermock-api-support\2.0.6\powermock-api-support-2.0.6.jar;C:\Users\francois.heliodore\.m2\repository\xerces\xercesImpl\2.12.0\xercesImpl-2.12.0.jar;C:\Users\francois.heliodore\.m2\repository\xml-apis\xml-apis\1.4.01\xml-apis-1.4.01.jar;C:\Users\francois.heliodore\.m2\repository\org\apache\logging\log4j\log4j-slf4j-impl\2.13.3\log4j-slf4j-impl-2.13.3.jar;C:\Users\francois.heliodore\.m2\repository\org\assertj\assertj-core\3.16.1\assertj-core-3.16.1.jar;"/>
    <property name="java.vm.vendor" value="Oracle Corporation"/>
    <property name="sun.arch.data.model" value="64"/>
    <property name="user.variant" value=""/>
    <property name="java.vendor.url" value="http://java.oracle.com/"/>
    <property name="user.timezone" value="Europe/Paris"/>
    <property name="org.apache.logging.log4j.assignedSequences" value="13531"/>
    <property name="java.vm.specification.version" value="1.8"/>
    <property name="os.name" value="Windows 10"/>
    <property name="user.country" value="US"/>
    <property name="sun.java.launcher" value="SUN_STANDARD"/>
    <property name="sun.boot.library.path" value="C:\Program Files\Java\jdk1.8.0_201\jre\bin"/>
    <property name="sun.java.command" value="C:\Users\francois.heliodore\AppData\Local\Temp\surefire4681454044821319628\surefirebooter6797188870003301244.jar C:\Users\francois.heliodore\AppData\Local\Temp\surefire4681454044821319628 2020-09-02T13-54-02_953-jvmRun1 surefire3727569987619144033tmp surefire_01655428255749626646tmp"/>
    <property name="surefire.test.class.path" value="C:\Users\francois.heliodore\Desktop\IESI2\iesi\core\java\iesi-core\target\test-classes;C:\Users\francois.heliodore\Desktop\IESI2\iesi\core\java\iesi-core\target\classes;C:\Users\francois.heliodore\.m2\repository\org\yaml\snakeyaml\1.25\snakeyaml-1.25.jar;C:\Users\francois.heliodore\.m2\repository\com\zaxxer\HikariCP\3.4.2\HikariCP-3.4.2.jar;C:\Users\francois.heliodore\.m2\repository\org\slf4j\slf4j-api\1.7.25\slf4j-api-1.7.25.jar;C:\Users\francois.heliodore\.m2\repository\org\projectlombok\lombok\1.18.10\lombok-1.18.10.jar;C:\Users\francois.heliodore\.m2\repository\org\apache\commons\commons-exec\1.3\commons-exec-1.3.jar;C:\Users\francois.heliodore\.m2\repository\com\fasterxml\jackson\core\jackson-databind\2.9.10.3\jackson-databind-2.9.10.3.jar;C:\Users\francois.heliodore\.m2\repository\com\fasterxml\jackson\core\jackson-annotations\2.9.10\jackson-annotations-2.9.10.jar;C:\Users\francois.heliodore\.m2\repository\org\reflections\reflections\0.9.11\reflections-0.9.11.jar;C:\Users\francois.heliodore\.m2\repository\com\google\guava\guava\20.0\guava-20.0.jar;C:\Users\francois.heliodore\.m2\repository\org\javassist\javassist\3.21.0-GA\javassist-3.21.0-GA.jar;C:\Users\francois.heliodore\.m2\repository\com\fasterxml\jackson\core\jackson-core\2.9.9\jackson-core-2.9.9.jar;C:\Users\francois.heliodore\.m2\repository\com\fasterxml\jackson\dataformat\jackson-dataformat-yaml\2.9.9\jackson-dataformat-yaml-2.9.9.jar;C:\Users\francois.heliodore\.m2\repository\org\apache\logging\log4j\log4j-api\2.12.0\log4j-api-2.12.0.jar;C:\Users\francois.heliodore\.m2\repository\org\apache\logging\log4j\log4j-core\2.12.0\log4j-core-2.12.0.jar;C:\Users\francois.heliodore\.m2\repository\org\apache\httpcomponents\httpclient\4.5.9\httpclient-4.5.9.jar;C:\Users\francois.heliodore\.m2\repository\org\apache\httpcomponents\httpcore\4.4.11\httpcore-4.4.11.jar;C:\Users\francois.heliodore\.m2\repository\commons-logging\commons-logging\1.2\commons-logging-1.2.jar;C:\Users\francois.heliodore\.m2\repository\commons-codec\commons-codec\1.11\commons-codec-1.11.jar;C:\Users\francois.heliodore\.m2\repository\commons-cli\commons-cli\1.4\commons-cli-1.4.jar;C:\Users\francois.heliodore\.m2\repository\commons-io\commons-io\2.6\commons-io-2.6.jar;C:\Users\francois.heliodore\.m2\repository\org\apache\commons\commons-lang3\3.9\commons-lang3-3.9.jar;C:\Users\francois.heliodore\.m2\repository\org\apache\commons\commons-compress\1.19\commons-compress-1.19.jar;C:\Users\francois.heliodore\.m2\repository\org\xerial\sqlite-jdbc\3.27.2.1\sqlite-jdbc-3.27.2.1.jar;C:\Users\francois.heliodore\.m2\repository\javassist\javassist\3.12.1.GA\javassist-3.12.1.GA.jar;C:\Users\francois.heliodore\.m2\repository\com\jcraft\jsch\0.1.55\jsch-0.1.55.jar;C:\Users\francois.heliodore\.m2\repository\com\h2database\h2\1.4.199\h2-1.4.199.jar;C:\Users\francois.heliodore\.m2\repository\org\apache\commons\commons-jexl\2.1.1\commons-jexl-2.1.1.jar;C:\Users\francois.heliodore\.m2\repository\org\apache\commons\commons-collections4\4.3\commons-collections4-4.3.jar;C:\Users\francois.heliodore\.m2\repository\org\junit\jupiter\junit-jupiter-engine\5.5.1\junit-jupiter-engine-5.5.1.jar;C:\Users\francois.heliodore\.m2\repository\org\apiguardian\apiguardian-api\1.1.0\apiguardian-api-1.1.0.jar;C:\Users\francois.heliodore\.m2\repository\org\junit\platform\junit-platform-engine\1.5.1\junit-platform-engine-1.5.1.jar;C:\Users\francois.heliodore\.m2\repository\org\opentest4j\opentest4j\1.2.0\opentest4j-1.2.0.jar;C:\Users\francois.heliodore\.m2\repository\org\junit\platform\junit-platform-commons\1.5.1\junit-platform-commons-1.5.1.jar;C:\Users\francois.heliodore\.m2\repository\org\junit\jupiter\junit-jupiter-api\5.5.1\junit-jupiter-api-5.5.1.jar;C:\Users\francois.heliodore\.m2\repository\nl\flotsam\xeger\1.0\xeger-1.0.jar;C:\Users\francois.heliodore\.m2\repository\com\mockrunner\mockrunner-jdbc\2.0.1\mockrunner-jdbc-2.0.1.jar;C:\Users\francois.heliodore\.m2\repository\com\mockrunner\mockrunner-core\2.0.1\mockrunner-core-2.0.1.jar;C:\Users\francois.heliodore\.m2\repository\jdom\jdom\1.0\jdom-1.0.jar;C:\Users\francois.heliodore\.m2\repository\oro\oro\2.0.8\oro-2.0.8.jar;C:\Users\francois.heliodore\.m2\repository\com\kirkk\jaranalyzer\1.2\jaranalyzer-1.2.jar;C:\Users\francois.heliodore\.m2\repository\bcel\bcel\5.1\bcel-5.1.jar;C:\Users\francois.heliodore\.m2\repository\regexp\regexp\1.2\regexp-1.2.jar;C:\Users\francois.heliodore\.m2\repository\jakarta-regexp\jakarta-regexp\1.4\jakarta-regexp-1.4.jar;C:\Users\francois.heliodore\.m2\repository\ant\ant\1.6.5\ant-1.6.5.jar;C:\Users\francois.heliodore\.m2\repository\nekohtml\nekohtml\0.9.5\nekohtml-0.9.5.jar;C:\Users\francois.heliodore\.m2\repository\artifactory-java-client\api\2.6.0\api-2.6.0.jar;C:\Users\francois.heliodore\.m2\repository\artifactory-java-client\httpClient\2.6.0\httpClient-2.6.0.jar;C:\Users\francois.heliodore\.m2\repository\artifactory-java-client\services\2.6.0\services-2.6.0.jar;C:\Users\francois.heliodore\.m2\repository\artifactory-java-client\ning-services\2.5.1\ning-services-2.5.1.jar;C:\Users\francois.heliodore\.m2\repository\org\json\json\20180813\json-20180813.jar;C:\Users\francois.heliodore\.m2\repository\org\mockito\mockito-junit-jupiter\3.2.4\mockito-junit-jupiter-3.2.4.jar;C:\Users\francois.heliodore\.m2\repository\org\mockito\mockito-core\3.2.4\mockito-core-3.2.4.jar;C:\Users\francois.heliodore\.m2\repository\net\bytebuddy\byte-buddy\1.10.5\byte-buddy-1.10.5.jar;C:\Users\francois.heliodore\.m2\repository\net\bytebuddy\byte-buddy-agent\1.10.5\byte-buddy-agent-1.10.5.jar;C:\Users\francois.heliodore\.m2\repository\org\objenesis\objenesis\2.6\objenesis-2.6.jar;C:\Users\francois.heliodore\.m2\repository\org\testinfected\hamcrest-matchers\core-matchers\1.8\core-matchers-1.8.jar;C:\Users\francois.heliodore\.m2\repository\org\hamcrest\hamcrest-core\2.1\hamcrest-core-2.1.jar;C:\Users\francois.heliodore\.m2\repository\org\hamcrest\hamcrest\2.1\hamcrest-2.1.jar;C:\Users\francois.heliodore\.m2\repository\org\powermock\powermock-module-junit4\2.0.6\powermock-module-junit4-2.0.6.jar;C:\Users\francois.heliodore\.m2\repository\org\powermock\powermock-module-junit4-common\2.0.6\powermock-module-junit4-common-2.0.6.jar;C:\Users\francois.heliodore\.m2\repository\org\powermock\powermock-reflect\2.0.6\powermock-reflect-2.0.6.jar;C:\Users\francois.heliodore\.m2\repository\org\powermock\powermock-core\2.0.6\powermock-core-2.0.6.jar;C:\Users\francois.heliodore\.m2\repository\junit\junit\4.12\junit-4.12.jar;C:\Users\francois.heliodore\.m2\repository\org\powermock\powermock-api-mockito2\2.0.6\powermock-api-mockito2-2.0.6.jar;C:\Users\francois.heliodore\.m2\repository\org\powermock\powermock-api-support\2.0.6\powermock-api-support-2.0.6.jar;C:\Users\francois.heliodore\.m2\repository\xerces\xercesImpl\2.12.0\xercesImpl-2.12.0.jar;C:\Users\francois.heliodore\.m2\repository\xml-apis\xml-apis\1.4.01\xml-apis-1.4.01.jar;C:\Users\francois.heliodore\.m2\repository\org\apache\logging\log4j\log4j-slf4j-impl\2.13.3\log4j-slf4j-impl-2.13.3.jar;C:\Users\francois.heliodore\.m2\repository\org\assertj\assertj-core\3.16.1\assertj-core-3.16.1.jar;"/>
    <property name="sun.cpu.endian" value="little"/>
    <property name="user.home" value="C:\Users\francois.heliodore"/>
    <property name="user.language" value="en"/>
    <property name="java.specification.vendor" value="Oracle Corporation"/>
    <property name="java.home" value="C:\Program Files\Java\jdk1.8.0_201\jre"/>
    <property name="basedir" value="C:\Users\francois.heliodore\Desktop\IESI2\iesi\core\java\iesi-core"/>
    <property name="file.separator" value="\"/>
    <property name="line.separator" value="&#10;"/>
    <property name="java.vm.specification.vendor" value="Oracle Corporation"/>
    <property name="java.specification.name" value="Java Platform API Specification"/>
    <property name="java.awt.graphicsenv" value="sun.awt.Win32GraphicsEnvironment"/>
    <property name="surefire.real.class.path" value="C:\Users\francois.heliodore\AppData\Local\Temp\surefire4681454044821319628\surefirebooter6797188870003301244.jar"/>
    <property name="sun.boot.class.path" value="C:\Program Files\Java\jdk1.8.0_201\jre\lib\resources.jar;C:\Program Files\Java\jdk1.8.0_201\jre\lib\rt.jar;C:\Program Files\Java\jdk1.8.0_201\jre\lib\sunrsasign.jar;C:\Program Files\Java\jdk1.8.0_201\jre\lib\jsse.jar;C:\Program Files\Java\jdk1.8.0_201\jre\lib\jce.jar;C:\Program Files\Java\jdk1.8.0_201\jre\lib\charsets.jar;C:\Program Files\Java\jdk1.8.0_201\jre\lib\jfr.jar;C:\Program Files\Java\jdk1.8.0_201\jre\classes"/>
    <property name="user.script" value=""/>
    <property name="sun.management.compiler" value="HotSpot 64-Bit Tiered Compilers"/>
    <property name="java.runtime.version" value="1.8.0_201-b09"/>
    <property name="user.name" value="francois.heliodore"/>
    <property name="path.separator" value=";"/>
    <property name="os.version" value="10.0"/>
    <property name="java.endorsed.dirs" value="C:\Program Files\Java\jdk1.8.0_201\jre\lib\endorsed"/>
    <property name="java.runtime.name" value="Java(TM) SE Runtime Environment"/>
    <property name="file.encoding" value="Cp1252"/>
    <property name="java.vm.name" value="Java HotSpot(TM) 64-Bit Server VM"/>
    <property name="localRepository" value="C:\Users\francois.heliodore\.m2\repository"/>
    <property name="java.vendor.url.bug" value="http://bugreport.sun.com/bugreport/"/>
    <property name="java.io.tmpdir" value="C:\Users\FRANCO~1.HEL\AppData\Local\Temp\"/>
    <property name="idea.version" value="2020.2.1"/>
    <property name="java.version" value="1.8.0_201"/>
    <property name="user.dir" value="C:\Users\francois.heliodore\Desktop\IESI2\iesi\core\java\iesi-core"/>
    <property name="os.arch" value="amd64"/>
    <property name="java.vm.specification.name" value="Java Virtual Machine Specification"/>
    <property name="java.awt.printerjob" value="sun.awt.windows.WPrinterJob"/>
    <property name="sun.os.patch.level" value=""/>
    <property name="java.library.path" value="C:\Program Files\Java\jdk1.8.0_201\jre\bin;C:\WINDOWS\Sun\Java\bin;C:\WINDOWS\system32;C:\WINDOWS;C:\Program Files\Java\jdk1.8.0_201;C:\Program Files\Microsoft MPI\Bin\;C:\Program Files (x86)\Common Files\Oracle\Java\javapath;C:\WINDOWS\system32;C:\WINDOWS;C:\WINDOWS\System32\Wbem;C:\WINDOWS\System32\WindowsPowerShell\v1.0\;C:\WINDOWS\System32\OpenSSH\;C:\Program Files\Java\jdk-12.0.1;C:\Program Files\dotnet\;C:\Flutter\flutter\bin;C:\WINDOWS\system32\config\systemprofile\.dotnet\tools;C:\Program Files\Intel\WiFi\bin\;C:\Program Files\Common Files\Intel\WirelessCommon\;C:\ProgramData\chocolatey\bin;C:\Program Files\MongoDB\Server\4.2\bin;D:\MsSQL\shared86\140\DTS\Binn\;C:\Program Files\nodejs\;C:\Flutter\flutter;C:\Users\francois.heliodore\AppData\Local\Android\android-sdk;C:\Users\francois.heliodore\.android\avd;C:\Program Files (x86)\Yarn\bin\;C:\Program Files\Amazon\AWSCLIV2\;C:\Program Files\Microsoft SQL Server\Client SDK\ODBC\170\Tools\Binn\;C:\Program Files (x86)\Microsoft SQL Server\150\Tools\Binn\;C:\Program Files\Microsoft SQL Server\150\Tools\Binn\;C:\Program Files\Microsoft SQL Server\150\DTS\Binn\;C:\Program Files (x86)\Microsoft SQL Server\150\DTS\Binn\;C:\Program Files\Java\jdk1.8.0_201\bin;C:\Users\francois.heliodore\AppData\Local\Programs\Python\Python37\Scripts\;C:\Users\francois.heliodore\AppData\Local\Programs\Python\Python37\;C:\Users\francois.heliodore\AppData\Local\Microsoft\WindowsApps;C:\Users\francois.heliodore\AppData\Local\Programs\Microsoft VS Code\bin;C:\Program Files (x86)\apache-maven\bin;C:\Program Files\JetBrains\IntelliJ IDEA 2019.1.3\bin;C:\Program Files\JetBrains\IntelliJ IDEA Community Edition 2019.1.3\bin;C:\Flutter\flutter\bin;C:\Users\francois.heliodore\.dotnet\tools;C:\Program Files\PostgreSQL\12\bin;C:\Users\francois.heliodore\AppData\Local\.meteor;C:\Users\francois.heliodore\AppData\Local\Microsoft\WindowsApps;C:\Users\francois.heliodore\AppData\Roaming\npm;C:\Program Files (x86)\Zip\usr\local\wbin;C:\TDM-GCC-64\bin;C:\Users\francois.heliodore\AppData\Local\Yarn\bin;C:\Program Files\JetBrains\IntelliJ IDEA Community Edition 2019.3.3\bin;;%maven home%\bin;C:\SonarQube\sonar-scanner-4.2.0.1873-windows\bin;C:\Users\francois.heliodore\AppData\Local\Programs\Git\cmd;C:\Program Files\heroku\bin;."/>
    <property name="java.vm.info" value="mixed mode"/>
    <property name="java.vendor" value="Oracle Corporation"/>
    <property name="java.vm.version" value="25.201-b09"/>
    <property name="java.ext.dirs" value="C:\Program Files\Java\jdk1.8.0_201\jre\lib\ext;C:\WINDOWS\Sun\Java\lib\ext"/>
    <property name="sun.io.unicode.encoding" value="UnicodeLittle"/>
    <property name="java.class.version" value="52.0"/>
  </properties>
  <testcase name="getTestNotFound" classname="io.metadew.iesi.connection.http.HttpConnectionServiceTest" time="0.094"/>
  <testcase name="getTest" classname="io.metadew.iesi.connection.http.HttpConnectionServiceTest" time="0.002"/>
  <testcase name="getBaseUrlTest" classname="io.metadew.iesi.connection.http.HttpConnectionServiceTest" time="0.001"/>
  <testcase name="getBaseUrlNoPortTest" classname="io.metadew.iesi.connection.http.HttpConnectionServiceTest" time="0"/>
  <testcase name="getBaseUrlNoBaseUrlTest" classname="io.metadew.iesi.connection.http.HttpConnectionServiceTest" time="0.001"/>
</testsuite>